<!DOCTYPE html>
<html>
<head>
<meta http-equiv="Content-Type" content="text/html; charset=utf-8"/>
<meta http-equiv="x-ua-compatible" content="IE=edge"/>
<title>Test results - Class com.connsec.saml.RealAssertionConsumerTest</title>
<link href="../css/base-style.css" rel="stylesheet" type="text/css"/>
<link href="../css/style.css" rel="stylesheet" type="text/css"/>
<script src="../js/report.js" type="text/javascript"></script>
</head>
<body>
<div id="content">
<h1>Class com.connsec.saml.RealAssertionConsumerTest</h1>
<div class="breadcrumbs">
<a href="../index.html">all</a> &gt; 
<a href="../packages/com.connsec.saml.html">com.connsec.saml</a> &gt; RealAssertionConsumerTest</div>
<div id="summary">
<table>
<tr>
<td>
<div class="summaryGroup">
<table>
<tr>
<td>
<div class="infoBox" id="tests">
<div class="counter">14</div>
<p>tests</p>
</div>
</td>
<td>
<div class="infoBox" id="failures">
<div class="counter">0</div>
<p>failures</p>
</div>
</td>
<td>
<div class="infoBox" id="ignored">
<div class="counter">0</div>
<p>ignored</p>
</div>
</td>
<td>
<div class="infoBox" id="duration">
<div class="counter">0.243s</div>
<p>duration</p>
</div>
</td>
</tr>
</table>
</div>
</td>
<td>
<div class="infoBox success" id="successRate">
<div class="percent">100%</div>
<p>successful</p>
</div>
</td>
</tr>
</table>
</div>
<div id="tabs">
<ul class="tabLinks">
<li>
<a href="#tab0">Tests</a>
</li>
<li>
<a href="#tab1">Standard output</a>
</li>
</ul>
<div id="tab0" class="tab">
<h2>Tests</h2>
<table>
<thead>
<tr>
<th>Test</th>
<th>Duration</th>
<th>Result</th>
</tr>
</thead>
<tr>
<td class="success">testConsume</td>
<td class="success">0.044s</td>
<td class="success">passed</td>
</tr>
<tr>
<td class="success">testConsumeAuthnRequestWithNoStatus</td>
<td class="success">0.007s</td>
<td class="success">passed</td>
</tr>
<tr>
<td class="success">testConsumeAuthnRequestWithNoStatusCode</td>
<td class="success">0.013s</td>
<td class="success">passed</td>
</tr>
<tr>
<td class="success">testConsumeNoAttributeStatements</td>
<td class="success">0.001s</td>
<td class="success">passed</td>
</tr>
<tr>
<td class="success">testConsumeNoSubject</td>
<td class="success">0.064s</td>
<td class="success">passed</td>
</tr>
<tr>
<td class="success">testConsumeRejectedAuthnRequest</td>
<td class="success">0.001s</td>
<td class="success">passed</td>
</tr>
<tr>
<td class="success">testConsumeRejectedAuthnRequestWithSubStatusCode</td>
<td class="success">0.002s</td>
<td class="success">passed</td>
</tr>
<tr>
<td class="success">testConsumeRejectedAuthnRequestWithSubStatusCodeAndDetails</td>
<td class="success">0.015s</td>
<td class="success">passed</td>
</tr>
<tr>
<td class="success">testConsumeUnknownAttributeStatements</td>
<td class="success">0.015s</td>
<td class="success">passed</td>
</tr>
<tr>
<td class="success">testConsumerAuthnResponseWithAssertionWithNoID</td>
<td class="success">0.008s</td>
<td class="success">passed</td>
</tr>
<tr>
<td class="success">testConsumerAuthnResponseWithAssertionWithNoIssuer</td>
<td class="success">0.006s</td>
<td class="success">passed</td>
</tr>
<tr>
<td class="success">testConsumerAuthnResponseWithEmptyAssertions</td>
<td class="success">0s</td>
<td class="success">passed</td>
</tr>
<tr>
<td class="success">testConsumerNoAuthnStatements</td>
<td class="success">0.059s</td>
<td class="success">passed</td>
</tr>
<tr>
<td class="success">testConsumerNoIssuerInstant</td>
<td class="success">0.008s</td>
<td class="success">passed</td>
</tr>
</table>
</div>
<div id="tab1" class="tab">
<h2>Standard output</h2>
<span class="code">
<pre>[org.opensaml.xml.XMLConfigurator:INFO {} 180] Preparing to load ObjectProviders
[org.opensaml.xml.XMLConfigurator:INFO {} 182] ObjectProviders load complete
[org.opensaml.xml.XMLConfigurator:INFO {} 180] Preparing to load ObjectProviders
[org.opensaml.xml.XMLConfigurator:INFO {} 182] ObjectProviders load complete
[org.opensaml.xml.XMLConfigurator:INFO {} 180] Preparing to load ObjectProviders
[org.opensaml.xml.XMLConfigurator:INFO {} 182] ObjectProviders load complete
[org.opensaml.xml.XMLConfigurator:INFO {} 189] Preparing to load ValidatorSuites
[org.opensaml.xml.XMLConfigurator:INFO {} 191] ValidatorSuites load complete
[org.opensaml.xml.XMLConfigurator:INFO {} 180] Preparing to load ObjectProviders
[org.opensaml.xml.XMLConfigurator:INFO {} 182] ObjectProviders load complete
[org.opensaml.xml.XMLConfigurator:INFO {} 189] Preparing to load ValidatorSuites
[org.opensaml.xml.XMLConfigurator:INFO {} 191] ValidatorSuites load complete
[org.opensaml.xml.XMLConfigurator:INFO {} 180] Preparing to load ObjectProviders
[org.opensaml.xml.XMLConfigurator:INFO {} 182] ObjectProviders load complete
[org.opensaml.xml.XMLConfigurator:INFO {} 180] Preparing to load ObjectProviders
[org.opensaml.xml.XMLConfigurator:INFO {} 182] ObjectProviders load complete
[org.opensaml.xml.XMLConfigurator:INFO {} 180] Preparing to load ObjectProviders
[org.opensaml.xml.XMLConfigurator:INFO {} 182] ObjectProviders load complete
[org.opensaml.xml.XMLConfigurator:INFO {} 180] Preparing to load ObjectProviders
[org.opensaml.xml.XMLConfigurator:INFO {} 182] ObjectProviders load complete
[org.opensaml.xml.XMLConfigurator:INFO {} 189] Preparing to load ValidatorSuites
[org.opensaml.xml.XMLConfigurator:INFO {} 191] ValidatorSuites load complete
[org.opensaml.xml.XMLConfigurator:INFO {} 180] Preparing to load ObjectProviders
[org.opensaml.xml.XMLConfigurator:INFO {} 182] ObjectProviders load complete
[org.opensaml.xml.XMLConfigurator:INFO {} 180] Preparing to load ObjectProviders
[org.opensaml.xml.XMLConfigurator:INFO {} 182] ObjectProviders load complete
[org.opensaml.xml.XMLConfigurator:INFO {} 189] Preparing to load ValidatorSuites
[org.opensaml.xml.XMLConfigurator:INFO {} 191] ValidatorSuites load complete
[org.opensaml.xml.XMLConfigurator:INFO {} 180] Preparing to load ObjectProviders
[org.opensaml.xml.XMLConfigurator:INFO {} 182] ObjectProviders load complete
[org.opensaml.xml.XMLConfigurator:INFO {} 180] Preparing to load ObjectProviders
[org.opensaml.xml.XMLConfigurator:INFO {} 182] ObjectProviders load complete
[org.opensaml.xml.XMLConfigurator:INFO {} 189] Preparing to load ValidatorSuites
[org.opensaml.xml.XMLConfigurator:INFO {} 191] ValidatorSuites load complete
[org.opensaml.xml.XMLConfigurator:INFO {} 180] Preparing to load ObjectProviders
[org.opensaml.xml.XMLConfigurator:INFO {} 182] ObjectProviders load complete
[org.opensaml.xml.XMLConfigurator:INFO {} 180] Preparing to load ObjectProviders
[org.opensaml.xml.XMLConfigurator:INFO {} 182] ObjectProviders load complete
[org.opensaml.xml.XMLConfigurator:INFO {} 180] Preparing to load ObjectProviders
[org.opensaml.xml.XMLConfigurator:INFO {} 182] ObjectProviders load complete
[org.opensaml.xml.XMLConfigurator:INFO {} 180] Preparing to load ObjectProviders
[org.opensaml.xml.XMLConfigurator:INFO {} 182] ObjectProviders load complete
[org.opensaml.xml.XMLConfigurator:INFO {} 180] Preparing to load ObjectProviders
[org.opensaml.xml.XMLConfigurator:INFO {} 182] ObjectProviders load complete
[org.opensaml.xml.XMLConfigurator:INFO {} 180] Preparing to load ObjectProviders
[org.opensaml.xml.XMLConfigurator:INFO {} 182] ObjectProviders load complete
[org.opensaml.xml.XMLConfigurator:INFO {} 180] Preparing to load ObjectProviders
[org.opensaml.xml.XMLConfigurator:INFO {} 182] ObjectProviders load complete
[org.opensaml.xml.XMLConfigurator:INFO {} 180] Preparing to load ObjectProviders
[org.opensaml.xml.XMLConfigurator:INFO {} 182] ObjectProviders load complete
[org.opensaml.xml.XMLConfigurator:INFO {} 180] Preparing to load ObjectProviders
[org.opensaml.xml.XMLConfigurator:INFO {} 182] ObjectProviders load complete
[org.opensaml.xml.XMLConfigurator:INFO {} 180] Preparing to load ObjectProviders
[org.opensaml.xml.XMLConfigurator:INFO {} 182] ObjectProviders load complete
[org.opensaml.xml.XMLConfigurator:INFO {} 180] Preparing to load ObjectProviders
[org.opensaml.xml.XMLConfigurator:INFO {} 182] ObjectProviders load complete
[org.opensaml.xml.XMLConfigurator:INFO {} 180] Preparing to load ObjectProviders
[org.opensaml.xml.XMLConfigurator:INFO {} 182] ObjectProviders load complete
[org.opensaml.xml.XMLConfigurator:INFO {} 180] Preparing to load ObjectProviders
[org.opensaml.xml.XMLConfigurator:INFO {} 182] ObjectProviders load complete
[org.opensaml.xml.XMLConfigurator:INFO {} 198] Preparing to load IDAttributes
[org.opensaml.xml.XMLConfigurator:INFO {} 200] IDAttributes load complete
[com.connsec.saml.RealAssertionConsumer:DEBUG {} 69] authenticationResponseIssuingEntityName response issuer
[com.connsec.saml.RealAssertionConsumer:DEBUG {} 71] assertion.getID() 777
[com.connsec.saml.RealAssertionConsumer:DEBUG {} 72] assertion.getSubject().getNameID().getValue() some guy
[com.connsec.saml.RealAssertionConsumer:DEBUG {} 76] authnStatement.getAuthnInstant() 2010-10-26T09:15:00.000Z
[com.connsec.saml.RealAssertionConsumer:WARN {} 60] Response Message failed Validation
org.opensaml.xml.validation.ValidationException: Assertions containing AuthnStatements require a Subject
	at org.opensaml.saml2.core.validator.AssertionSpecValidator.validateSubject(AssertionSpecValidator.java:58)
	at org.opensaml.saml2.core.validator.AssertionSpecValidator.validate(AssertionSpecValidator.java:39)
	at org.opensaml.saml2.core.validator.AssertionSpecValidator.validate(AssertionSpecValidator.java:30)
	at org.opensaml.xml.validation.ValidatorSuite.performValidation(ValidatorSuite.java:168)
	at org.opensaml.xml.validation.ValidatorSuite.performValidation(ValidatorSuite.java:151)
	at org.opensaml.xml.validation.ValidatorSuite.validate(ValidatorSuite.java:82)
	at org.opensaml.xml.validation.ValidatorSuite.validate(ValidatorSuite.java:87)
	at com.connsec.saml.xml.SAML2ValidatorSuite.validate(SAML2ValidatorSuite.java:16)
	at com.connsec.saml.RealAssertionConsumer.consume(RealAssertionConsumer.java:58)
	at com.connsec.saml.RealAssertionConsumerTest.testConsumeNoSubject(RealAssertionConsumerTest.java:354)
	at sun.reflect.NativeMethodAccessorImpl.invoke0(Native Method)
	at sun.reflect.NativeMethodAccessorImpl.invoke(NativeMethodAccessorImpl.java:62)
	at sun.reflect.DelegatingMethodAccessorImpl.invoke(DelegatingMethodAccessorImpl.java:43)
	at java.lang.reflect.Method.invoke(Method.java:483)
	at org.junit.runners.model.FrameworkMethod$1.runReflectiveCall(FrameworkMethod.java:47)
	at org.junit.internal.runners.model.ReflectiveCallable.run(ReflectiveCallable.java:12)
	at org.junit.runners.model.FrameworkMethod.invokeExplosively(FrameworkMethod.java:44)
	at org.junit.internal.runners.statements.InvokeMethod.evaluate(InvokeMethod.java:17)
	at org.junit.internal.runners.statements.ExpectException.evaluate(ExpectException.java:19)
	at org.junit.internal.runners.statements.RunBefores.evaluate(RunBefores.java:26)
	at org.junit.runners.ParentRunner.runLeaf(ParentRunner.java:271)
	at org.junit.runners.BlockJUnit4ClassRunner.runChild(BlockJUnit4ClassRunner.java:70)
	at org.junit.runners.BlockJUnit4ClassRunner.runChild(BlockJUnit4ClassRunner.java:50)
	at org.junit.runners.ParentRunner$3.run(ParentRunner.java:238)
	at org.junit.runners.ParentRunner$1.schedule(ParentRunner.java:63)
	at org.junit.runners.ParentRunner.runChildren(ParentRunner.java:236)
	at org.junit.runners.ParentRunner.access$000(ParentRunner.java:53)
	at org.junit.runners.ParentRunner$2.evaluate(ParentRunner.java:229)
	at org.junit.internal.runners.statements.RunBefores.evaluate(RunBefores.java:26)
	at org.junit.runners.ParentRunner.run(ParentRunner.java:309)
	at org.gradle.api.internal.tasks.testing.junit.JUnitTestClassExecutor.runTestClass(JUnitTestClassExecutor.java:106)
	at org.gradle.api.internal.tasks.testing.junit.JUnitTestClassExecutor.execute(JUnitTestClassExecutor.java:58)
	at org.gradle.api.internal.tasks.testing.junit.JUnitTestClassExecutor.execute(JUnitTestClassExecutor.java:38)
	at org.gradle.api.internal.tasks.testing.junit.AbstractJUnitTestClassProcessor.processTestClass(AbstractJUnitTestClassProcessor.java:66)
	at org.gradle.api.internal.tasks.testing.SuiteTestClassProcessor.processTestClass(SuiteTestClassProcessor.java:51)
	at sun.reflect.NativeMethodAccessorImpl.invoke0(Native Method)
	at sun.reflect.NativeMethodAccessorImpl.invoke(NativeMethodAccessorImpl.java:62)
	at sun.reflect.DelegatingMethodAccessorImpl.invoke(DelegatingMethodAccessorImpl.java:43)
	at java.lang.reflect.Method.invoke(Method.java:483)
	at org.gradle.internal.dispatch.ReflectionDispatch.dispatch(ReflectionDispatch.java:35)
	at org.gradle.internal.dispatch.ReflectionDispatch.dispatch(ReflectionDispatch.java:24)
	at org.gradle.internal.dispatch.ContextClassLoaderDispatch.dispatch(ContextClassLoaderDispatch.java:32)
	at org.gradle.internal.dispatch.ProxyDispatchAdapter$DispatchingInvocationHandler.invoke(ProxyDispatchAdapter.java:93)
	at com.sun.proxy.$Proxy1.processTestClass(Unknown Source)
	at org.gradle.api.internal.tasks.testing.worker.TestWorker.processTestClass(TestWorker.java:109)
	at sun.reflect.NativeMethodAccessorImpl.invoke0(Native Method)
	at sun.reflect.NativeMethodAccessorImpl.invoke(NativeMethodAccessorImpl.java:62)
	at sun.reflect.DelegatingMethodAccessorImpl.invoke(DelegatingMethodAccessorImpl.java:43)
	at java.lang.reflect.Method.invoke(Method.java:483)
	at org.gradle.internal.dispatch.ReflectionDispatch.dispatch(ReflectionDispatch.java:35)
	at org.gradle.internal.dispatch.ReflectionDispatch.dispatch(ReflectionDispatch.java:24)
	at org.gradle.internal.remote.internal.hub.MessageHubBackedObjectConnection$DispatchWrapper.dispatch(MessageHubBackedObjectConnection.java:155)
	at org.gradle.internal.remote.internal.hub.MessageHubBackedObjectConnection$DispatchWrapper.dispatch(MessageHubBackedObjectConnection.java:137)
	at org.gradle.internal.remote.internal.hub.MessageHub$Handler.run(MessageHub.java:404)
	at org.gradle.internal.concurrent.ExecutorPolicy$CatchAndRecordFailures.onExecute(ExecutorPolicy.java:63)
	at org.gradle.internal.concurrent.ManagedExecutorImpl$1.run(ManagedExecutorImpl.java:46)
	at java.util.concurrent.ThreadPoolExecutor.runWorker(ThreadPoolExecutor.java:1142)
	at java.util.concurrent.ThreadPoolExecutor$Worker.run(ThreadPoolExecutor.java:617)
	at org.gradle.internal.concurrent.ThreadFactoryImpl$ManagedThreadRunnable.run(ThreadFactoryImpl.java:55)
	at java.lang.Thread.run(Thread.java:745)
[com.connsec.saml.RealAssertionConsumer:WARN {} 60] Response Message failed Validation
org.opensaml.xml.validation.ValidationException: ID is required attribute
	at org.opensaml.saml2.core.validator.AssertionSchemaValidator.validateID(AssertionSchemaValidator.java:78)
	at org.opensaml.saml2.core.validator.AssertionSchemaValidator.validate(AssertionSchemaValidator.java:42)
	at org.opensaml.saml2.core.validator.AssertionSchemaValidator.validate(AssertionSchemaValidator.java:31)
	at org.opensaml.xml.validation.ValidatorSuite.performValidation(ValidatorSuite.java:168)
	at org.opensaml.xml.validation.ValidatorSuite.performValidation(ValidatorSuite.java:151)
	at org.opensaml.xml.validation.ValidatorSuite.validate(ValidatorSuite.java:82)
	at org.opensaml.xml.validation.ValidatorSuite.validate(ValidatorSuite.java:87)
	at com.connsec.saml.xml.SAML2ValidatorSuite.validate(SAML2ValidatorSuite.java:14)
	at com.connsec.saml.RealAssertionConsumer.consume(RealAssertionConsumer.java:58)
	at com.connsec.saml.RealAssertionConsumerTest.testConsumerAuthnResponseWithAssertionWithNoID(RealAssertionConsumerTest.java:291)
	at sun.reflect.NativeMethodAccessorImpl.invoke0(Native Method)
	at sun.reflect.NativeMethodAccessorImpl.invoke(NativeMethodAccessorImpl.java:62)
	at sun.reflect.DelegatingMethodAccessorImpl.invoke(DelegatingMethodAccessorImpl.java:43)
	at java.lang.reflect.Method.invoke(Method.java:483)
	at org.junit.runners.model.FrameworkMethod$1.runReflectiveCall(FrameworkMethod.java:47)
	at org.junit.internal.runners.model.ReflectiveCallable.run(ReflectiveCallable.java:12)
	at org.junit.runners.model.FrameworkMethod.invokeExplosively(FrameworkMethod.java:44)
	at org.junit.internal.runners.statements.InvokeMethod.evaluate(InvokeMethod.java:17)
	at org.junit.internal.runners.statements.ExpectException.evaluate(ExpectException.java:19)
	at org.junit.internal.runners.statements.RunBefores.evaluate(RunBefores.java:26)
	at org.junit.runners.ParentRunner.runLeaf(ParentRunner.java:271)
	at org.junit.runners.BlockJUnit4ClassRunner.runChild(BlockJUnit4ClassRunner.java:70)
	at org.junit.runners.BlockJUnit4ClassRunner.runChild(BlockJUnit4ClassRunner.java:50)
	at org.junit.runners.ParentRunner$3.run(ParentRunner.java:238)
	at org.junit.runners.ParentRunner$1.schedule(ParentRunner.java:63)
	at org.junit.runners.ParentRunner.runChildren(ParentRunner.java:236)
	at org.junit.runners.ParentRunner.access$000(ParentRunner.java:53)
	at org.junit.runners.ParentRunner$2.evaluate(ParentRunner.java:229)
	at org.junit.internal.runners.statements.RunBefores.evaluate(RunBefores.java:26)
	at org.junit.runners.ParentRunner.run(ParentRunner.java:309)
	at org.gradle.api.internal.tasks.testing.junit.JUnitTestClassExecutor.runTestClass(JUnitTestClassExecutor.java:106)
	at org.gradle.api.internal.tasks.testing.junit.JUnitTestClassExecutor.execute(JUnitTestClassExecutor.java:58)
	at org.gradle.api.internal.tasks.testing.junit.JUnitTestClassExecutor.execute(JUnitTestClassExecutor.java:38)
	at org.gradle.api.internal.tasks.testing.junit.AbstractJUnitTestClassProcessor.processTestClass(AbstractJUnitTestClassProcessor.java:66)
	at org.gradle.api.internal.tasks.testing.SuiteTestClassProcessor.processTestClass(SuiteTestClassProcessor.java:51)
	at sun.reflect.NativeMethodAccessorImpl.invoke0(Native Method)
	at sun.reflect.NativeMethodAccessorImpl.invoke(NativeMethodAccessorImpl.java:62)
	at sun.reflect.DelegatingMethodAccessorImpl.invoke(DelegatingMethodAccessorImpl.java:43)
	at java.lang.reflect.Method.invoke(Method.java:483)
	at org.gradle.internal.dispatch.ReflectionDispatch.dispatch(ReflectionDispatch.java:35)
	at org.gradle.internal.dispatch.ReflectionDispatch.dispatch(ReflectionDispatch.java:24)
	at org.gradle.internal.dispatch.ContextClassLoaderDispatch.dispatch(ContextClassLoaderDispatch.java:32)
	at org.gradle.internal.dispatch.ProxyDispatchAdapter$DispatchingInvocationHandler.invoke(ProxyDispatchAdapter.java:93)
	at com.sun.proxy.$Proxy1.processTestClass(Unknown Source)
	at org.gradle.api.internal.tasks.testing.worker.TestWorker.processTestClass(TestWorker.java:109)
	at sun.reflect.NativeMethodAccessorImpl.invoke0(Native Method)
	at sun.reflect.NativeMethodAccessorImpl.invoke(NativeMethodAccessorImpl.java:62)
	at sun.reflect.DelegatingMethodAccessorImpl.invoke(DelegatingMethodAccessorImpl.java:43)
	at java.lang.reflect.Method.invoke(Method.java:483)
	at org.gradle.internal.dispatch.ReflectionDispatch.dispatch(ReflectionDispatch.java:35)
	at org.gradle.internal.dispatch.ReflectionDispatch.dispatch(ReflectionDispatch.java:24)
	at org.gradle.internal.remote.internal.hub.MessageHubBackedObjectConnection$DispatchWrapper.dispatch(MessageHubBackedObjectConnection.java:155)
	at org.gradle.internal.remote.internal.hub.MessageHubBackedObjectConnection$DispatchWrapper.dispatch(MessageHubBackedObjectConnection.java:137)
	at org.gradle.internal.remote.internal.hub.MessageHub$Handler.run(MessageHub.java:404)
	at org.gradle.internal.concurrent.ExecutorPolicy$CatchAndRecordFailures.onExecute(ExecutorPolicy.java:63)
	at org.gradle.internal.concurrent.ManagedExecutorImpl$1.run(ManagedExecutorImpl.java:46)
	at java.util.concurrent.ThreadPoolExecutor.runWorker(ThreadPoolExecutor.java:1142)
	at java.util.concurrent.ThreadPoolExecutor$Worker.run(ThreadPoolExecutor.java:617)
	at org.gradle.internal.concurrent.ThreadFactoryImpl$ManagedThreadRunnable.run(ThreadFactoryImpl.java:55)
	at java.lang.Thread.run(Thread.java:745)
[com.connsec.saml.RealAssertionConsumer:WARN {} 60] Response Message failed Validation
org.opensaml.xml.validation.ValidationException: Issuer is required element
	at org.opensaml.saml2.core.validator.AssertionSchemaValidator.validateIssuer(AssertionSchemaValidator.java:54)
	at org.opensaml.saml2.core.validator.AssertionSchemaValidator.validate(AssertionSchemaValidator.java:40)
	at org.opensaml.saml2.core.validator.AssertionSchemaValidator.validate(AssertionSchemaValidator.java:31)
	at org.opensaml.xml.validation.ValidatorSuite.performValidation(ValidatorSuite.java:168)
	at org.opensaml.xml.validation.ValidatorSuite.performValidation(ValidatorSuite.java:151)
	at org.opensaml.xml.validation.ValidatorSuite.validate(ValidatorSuite.java:82)
	at org.opensaml.xml.validation.ValidatorSuite.validate(ValidatorSuite.java:87)
	at com.connsec.saml.xml.SAML2ValidatorSuite.validate(SAML2ValidatorSuite.java:14)
	at com.connsec.saml.RealAssertionConsumer.consume(RealAssertionConsumer.java:58)
	at com.connsec.saml.RealAssertionConsumerTest.testConsumerAuthnResponseWithAssertionWithNoIssuer(RealAssertionConsumerTest.java:315)
	at sun.reflect.NativeMethodAccessorImpl.invoke0(Native Method)
	at sun.reflect.NativeMethodAccessorImpl.invoke(NativeMethodAccessorImpl.java:62)
	at sun.reflect.DelegatingMethodAccessorImpl.invoke(DelegatingMethodAccessorImpl.java:43)
	at java.lang.reflect.Method.invoke(Method.java:483)
	at org.junit.runners.model.FrameworkMethod$1.runReflectiveCall(FrameworkMethod.java:47)
	at org.junit.internal.runners.model.ReflectiveCallable.run(ReflectiveCallable.java:12)
	at org.junit.runners.model.FrameworkMethod.invokeExplosively(FrameworkMethod.java:44)
	at org.junit.internal.runners.statements.InvokeMethod.evaluate(InvokeMethod.java:17)
	at org.junit.internal.runners.statements.ExpectException.evaluate(ExpectException.java:19)
	at org.junit.internal.runners.statements.RunBefores.evaluate(RunBefores.java:26)
	at org.junit.runners.ParentRunner.runLeaf(ParentRunner.java:271)
	at org.junit.runners.BlockJUnit4ClassRunner.runChild(BlockJUnit4ClassRunner.java:70)
	at org.junit.runners.BlockJUnit4ClassRunner.runChild(BlockJUnit4ClassRunner.java:50)
	at org.junit.runners.ParentRunner$3.run(ParentRunner.java:238)
	at org.junit.runners.ParentRunner$1.schedule(ParentRunner.java:63)
	at org.junit.runners.ParentRunner.runChildren(ParentRunner.java:236)
	at org.junit.runners.ParentRunner.access$000(ParentRunner.java:53)
	at org.junit.runners.ParentRunner$2.evaluate(ParentRunner.java:229)
	at org.junit.internal.runners.statements.RunBefores.evaluate(RunBefores.java:26)
	at org.junit.runners.ParentRunner.run(ParentRunner.java:309)
	at org.gradle.api.internal.tasks.testing.junit.JUnitTestClassExecutor.runTestClass(JUnitTestClassExecutor.java:106)
	at org.gradle.api.internal.tasks.testing.junit.JUnitTestClassExecutor.execute(JUnitTestClassExecutor.java:58)
	at org.gradle.api.internal.tasks.testing.junit.JUnitTestClassExecutor.execute(JUnitTestClassExecutor.java:38)
	at org.gradle.api.internal.tasks.testing.junit.AbstractJUnitTestClassProcessor.processTestClass(AbstractJUnitTestClassProcessor.java:66)
	at org.gradle.api.internal.tasks.testing.SuiteTestClassProcessor.processTestClass(SuiteTestClassProcessor.java:51)
	at sun.reflect.NativeMethodAccessorImpl.invoke0(Native Method)
	at sun.reflect.NativeMethodAccessorImpl.invoke(NativeMethodAccessorImpl.java:62)
	at sun.reflect.DelegatingMethodAccessorImpl.invoke(DelegatingMethodAccessorImpl.java:43)
	at java.lang.reflect.Method.invoke(Method.java:483)
	at org.gradle.internal.dispatch.ReflectionDispatch.dispatch(ReflectionDispatch.java:35)
	at org.gradle.internal.dispatch.ReflectionDispatch.dispatch(ReflectionDispatch.java:24)
	at org.gradle.internal.dispatch.ContextClassLoaderDispatch.dispatch(ContextClassLoaderDispatch.java:32)
	at org.gradle.internal.dispatch.ProxyDispatchAdapter$DispatchingInvocationHandler.invoke(ProxyDispatchAdapter.java:93)
	at com.sun.proxy.$Proxy1.processTestClass(Unknown Source)
	at org.gradle.api.internal.tasks.testing.worker.TestWorker.processTestClass(TestWorker.java:109)
	at sun.reflect.NativeMethodAccessorImpl.invoke0(Native Method)
	at sun.reflect.NativeMethodAccessorImpl.invoke(NativeMethodAccessorImpl.java:62)
	at sun.reflect.DelegatingMethodAccessorImpl.invoke(DelegatingMethodAccessorImpl.java:43)
	at java.lang.reflect.Method.invoke(Method.java:483)
	at org.gradle.internal.dispatch.ReflectionDispatch.dispatch(ReflectionDispatch.java:35)
	at org.gradle.internal.dispatch.ReflectionDispatch.dispatch(ReflectionDispatch.java:24)
	at org.gradle.internal.remote.internal.hub.MessageHubBackedObjectConnection$DispatchWrapper.dispatch(MessageHubBackedObjectConnection.java:155)
	at org.gradle.internal.remote.internal.hub.MessageHubBackedObjectConnection$DispatchWrapper.dispatch(MessageHubBackedObjectConnection.java:137)
	at org.gradle.internal.remote.internal.hub.MessageHub$Handler.run(MessageHub.java:404)
	at org.gradle.internal.concurrent.ExecutorPolicy$CatchAndRecordFailures.onExecute(ExecutorPolicy.java:63)
	at org.gradle.internal.concurrent.ManagedExecutorImpl$1.run(ManagedExecutorImpl.java:46)
	at java.util.concurrent.ThreadPoolExecutor.runWorker(ThreadPoolExecutor.java:1142)
	at java.util.concurrent.ThreadPoolExecutor$Worker.run(ThreadPoolExecutor.java:617)
	at org.gradle.internal.concurrent.ThreadFactoryImpl$ManagedThreadRunnable.run(ThreadFactoryImpl.java:55)
	at java.lang.Thread.run(Thread.java:745)
[com.connsec.saml.RealAssertionConsumer:WARN {} 132] Extra information extracted from authentication failure was urn:oasis:names:tc:SAML:2.0:status:AuthnFailed  -  org.opensaml.saml2.core.impl.StatusMessageImpl@1b06f3e4
[com.connsec.saml.RealAssertionConsumer:WARN {} 132] Extra information extracted from authentication failure was urn:oasis:names:tc:SAML:2.0:status:AuthnFailed
[com.connsec.saml.RealAssertionConsumer:DEBUG {} 69] authenticationResponseIssuingEntityName response issuer
[com.connsec.saml.RealAssertionConsumer:DEBUG {} 71] assertion.getID() 777
[com.connsec.saml.RealAssertionConsumer:DEBUG {} 72] assertion.getSubject().getNameID().getValue() some guy
[com.connsec.saml.RealAssertionConsumer:DEBUG {} 76] authnStatement.getAuthnInstant() 2010-10-26T09:15:00.000Z
[com.connsec.saml.RealAssertionConsumer:DEBUG {} 103] found Granted Authorities.
[com.connsec.saml.RealAssertionConsumer:DEBUG {} 79] Granted Authorities will be [ROLE_1, ROLE_2]
[com.connsec.saml.RealAssertionConsumer:DEBUG {} 82] assertion.getID() [org.opensaml.saml2.core.impl.AuthnStatementImpl@27f6fe3]
[com.connsec.saml.RealAssertionConsumer:WARN {} 60] Response Message failed Validation
org.opensaml.xml.validation.ValidationException: Status is required
	at org.opensaml.saml2.core.validator.StatusResponseTypeSchemaValidator.validateStatus(StatusResponseTypeSchemaValidator.java:57)
	at org.opensaml.saml2.core.validator.StatusResponseTypeSchemaValidator.validate(StatusResponseTypeSchemaValidator.java:42)
	at org.opensaml.saml2.core.validator.ResponseSchemaValidator.validate(ResponseSchemaValidator.java:39)
	at org.opensaml.saml2.core.validator.ResponseSchemaValidator.validate(ResponseSchemaValidator.java:28)
	at org.opensaml.xml.validation.ValidatorSuite.performValidation(ValidatorSuite.java:168)
	at org.opensaml.xml.validation.ValidatorSuite.performValidation(ValidatorSuite.java:151)
	at org.opensaml.xml.validation.ValidatorSuite.validate(ValidatorSuite.java:82)
	at com.connsec.saml.xml.SAML2ValidatorSuite.validate(SAML2ValidatorSuite.java:14)
	at com.connsec.saml.RealAssertionConsumer.consume(RealAssertionConsumer.java:58)
	at com.connsec.saml.RealAssertionConsumerTest.testConsumeAuthnRequestWithNoStatus(RealAssertionConsumerTest.java:143)
	at sun.reflect.NativeMethodAccessorImpl.invoke0(Native Method)
	at sun.reflect.NativeMethodAccessorImpl.invoke(NativeMethodAccessorImpl.java:62)
	at sun.reflect.DelegatingMethodAccessorImpl.invoke(DelegatingMethodAccessorImpl.java:43)
	at java.lang.reflect.Method.invoke(Method.java:483)
	at org.junit.runners.model.FrameworkMethod$1.runReflectiveCall(FrameworkMethod.java:47)
	at org.junit.internal.runners.model.ReflectiveCallable.run(ReflectiveCallable.java:12)
	at org.junit.runners.model.FrameworkMethod.invokeExplosively(FrameworkMethod.java:44)
	at org.junit.internal.runners.statements.InvokeMethod.evaluate(InvokeMethod.java:17)
	at org.junit.internal.runners.statements.ExpectException.evaluate(ExpectException.java:19)
	at org.junit.internal.runners.statements.RunBefores.evaluate(RunBefores.java:26)
	at org.junit.runners.ParentRunner.runLeaf(ParentRunner.java:271)
	at org.junit.runners.BlockJUnit4ClassRunner.runChild(BlockJUnit4ClassRunner.java:70)
	at org.junit.runners.BlockJUnit4ClassRunner.runChild(BlockJUnit4ClassRunner.java:50)
	at org.junit.runners.ParentRunner$3.run(ParentRunner.java:238)
	at org.junit.runners.ParentRunner$1.schedule(ParentRunner.java:63)
	at org.junit.runners.ParentRunner.runChildren(ParentRunner.java:236)
	at org.junit.runners.ParentRunner.access$000(ParentRunner.java:53)
	at org.junit.runners.ParentRunner$2.evaluate(ParentRunner.java:229)
	at org.junit.internal.runners.statements.RunBefores.evaluate(RunBefores.java:26)
	at org.junit.runners.ParentRunner.run(ParentRunner.java:309)
	at org.gradle.api.internal.tasks.testing.junit.JUnitTestClassExecutor.runTestClass(JUnitTestClassExecutor.java:106)
	at org.gradle.api.internal.tasks.testing.junit.JUnitTestClassExecutor.execute(JUnitTestClassExecutor.java:58)
	at org.gradle.api.internal.tasks.testing.junit.JUnitTestClassExecutor.execute(JUnitTestClassExecutor.java:38)
	at org.gradle.api.internal.tasks.testing.junit.AbstractJUnitTestClassProcessor.processTestClass(AbstractJUnitTestClassProcessor.java:66)
	at org.gradle.api.internal.tasks.testing.SuiteTestClassProcessor.processTestClass(SuiteTestClassProcessor.java:51)
	at sun.reflect.NativeMethodAccessorImpl.invoke0(Native Method)
	at sun.reflect.NativeMethodAccessorImpl.invoke(NativeMethodAccessorImpl.java:62)
	at sun.reflect.DelegatingMethodAccessorImpl.invoke(DelegatingMethodAccessorImpl.java:43)
	at java.lang.reflect.Method.invoke(Method.java:483)
	at org.gradle.internal.dispatch.ReflectionDispatch.dispatch(ReflectionDispatch.java:35)
	at org.gradle.internal.dispatch.ReflectionDispatch.dispatch(ReflectionDispatch.java:24)
	at org.gradle.internal.dispatch.ContextClassLoaderDispatch.dispatch(ContextClassLoaderDispatch.java:32)
	at org.gradle.internal.dispatch.ProxyDispatchAdapter$DispatchingInvocationHandler.invoke(ProxyDispatchAdapter.java:93)
	at com.sun.proxy.$Proxy1.processTestClass(Unknown Source)
	at org.gradle.api.internal.tasks.testing.worker.TestWorker.processTestClass(TestWorker.java:109)
	at sun.reflect.NativeMethodAccessorImpl.invoke0(Native Method)
	at sun.reflect.NativeMethodAccessorImpl.invoke(NativeMethodAccessorImpl.java:62)
	at sun.reflect.DelegatingMethodAccessorImpl.invoke(DelegatingMethodAccessorImpl.java:43)
	at java.lang.reflect.Method.invoke(Method.java:483)
	at org.gradle.internal.dispatch.ReflectionDispatch.dispatch(ReflectionDispatch.java:35)
	at org.gradle.internal.dispatch.ReflectionDispatch.dispatch(ReflectionDispatch.java:24)
	at org.gradle.internal.remote.internal.hub.MessageHubBackedObjectConnection$DispatchWrapper.dispatch(MessageHubBackedObjectConnection.java:155)
	at org.gradle.internal.remote.internal.hub.MessageHubBackedObjectConnection$DispatchWrapper.dispatch(MessageHubBackedObjectConnection.java:137)
	at org.gradle.internal.remote.internal.hub.MessageHub$Handler.run(MessageHub.java:404)
	at org.gradle.internal.concurrent.ExecutorPolicy$CatchAndRecordFailures.onExecute(ExecutorPolicy.java:63)
	at org.gradle.internal.concurrent.ManagedExecutorImpl$1.run(ManagedExecutorImpl.java:46)
	at java.util.concurrent.ThreadPoolExecutor.runWorker(ThreadPoolExecutor.java:1142)
	at java.util.concurrent.ThreadPoolExecutor$Worker.run(ThreadPoolExecutor.java:617)
	at org.gradle.internal.concurrent.ThreadFactoryImpl$ManagedThreadRunnable.run(ThreadFactoryImpl.java:55)
	at java.lang.Thread.run(Thread.java:745)
[com.connsec.saml.RealAssertionConsumer:WARN {} 60] Response Message failed Validation
org.opensaml.xml.validation.ValidationException: IssueInstant is required attribute
	at org.opensaml.saml2.core.validator.AssertionSchemaValidator.validateIssueInstant(AssertionSchemaValidator.java:90)
	at org.opensaml.saml2.core.validator.AssertionSchemaValidator.validate(AssertionSchemaValidator.java:43)
	at org.opensaml.saml2.core.validator.AssertionSchemaValidator.validate(AssertionSchemaValidator.java:31)
	at org.opensaml.xml.validation.ValidatorSuite.performValidation(ValidatorSuite.java:168)
	at org.opensaml.xml.validation.ValidatorSuite.performValidation(ValidatorSuite.java:151)
	at org.opensaml.xml.validation.ValidatorSuite.validate(ValidatorSuite.java:82)
	at org.opensaml.xml.validation.ValidatorSuite.validate(ValidatorSuite.java:87)
	at com.connsec.saml.xml.SAML2ValidatorSuite.validate(SAML2ValidatorSuite.java:14)
	at com.connsec.saml.RealAssertionConsumer.consume(RealAssertionConsumer.java:58)
	at com.connsec.saml.RealAssertionConsumerTest.testConsumerNoIssuerInstant(RealAssertionConsumerTest.java:374)
	at sun.reflect.NativeMethodAccessorImpl.invoke0(Native Method)
	at sun.reflect.NativeMethodAccessorImpl.invoke(NativeMethodAccessorImpl.java:62)
	at sun.reflect.DelegatingMethodAccessorImpl.invoke(DelegatingMethodAccessorImpl.java:43)
	at java.lang.reflect.Method.invoke(Method.java:483)
	at org.junit.runners.model.FrameworkMethod$1.runReflectiveCall(FrameworkMethod.java:47)
	at org.junit.internal.runners.model.ReflectiveCallable.run(ReflectiveCallable.java:12)
	at org.junit.runners.model.FrameworkMethod.invokeExplosively(FrameworkMethod.java:44)
	at org.junit.internal.runners.statements.InvokeMethod.evaluate(InvokeMethod.java:17)
	at org.junit.internal.runners.statements.ExpectException.evaluate(ExpectException.java:19)
	at org.junit.internal.runners.statements.RunBefores.evaluate(RunBefores.java:26)
	at org.junit.runners.ParentRunner.runLeaf(ParentRunner.java:271)
	at org.junit.runners.BlockJUnit4ClassRunner.runChild(BlockJUnit4ClassRunner.java:70)
	at org.junit.runners.BlockJUnit4ClassRunner.runChild(BlockJUnit4ClassRunner.java:50)
	at org.junit.runners.ParentRunner$3.run(ParentRunner.java:238)
	at org.junit.runners.ParentRunner$1.schedule(ParentRunner.java:63)
	at org.junit.runners.ParentRunner.runChildren(ParentRunner.java:236)
	at org.junit.runners.ParentRunner.access$000(ParentRunner.java:53)
	at org.junit.runners.ParentRunner$2.evaluate(ParentRunner.java:229)
	at org.junit.internal.runners.statements.RunBefores.evaluate(RunBefores.java:26)
	at org.junit.runners.ParentRunner.run(ParentRunner.java:309)
	at org.gradle.api.internal.tasks.testing.junit.JUnitTestClassExecutor.runTestClass(JUnitTestClassExecutor.java:106)
	at org.gradle.api.internal.tasks.testing.junit.JUnitTestClassExecutor.execute(JUnitTestClassExecutor.java:58)
	at org.gradle.api.internal.tasks.testing.junit.JUnitTestClassExecutor.execute(JUnitTestClassExecutor.java:38)
	at org.gradle.api.internal.tasks.testing.junit.AbstractJUnitTestClassProcessor.processTestClass(AbstractJUnitTestClassProcessor.java:66)
	at org.gradle.api.internal.tasks.testing.SuiteTestClassProcessor.processTestClass(SuiteTestClassProcessor.java:51)
	at sun.reflect.NativeMethodAccessorImpl.invoke0(Native Method)
	at sun.reflect.NativeMethodAccessorImpl.invoke(NativeMethodAccessorImpl.java:62)
	at sun.reflect.DelegatingMethodAccessorImpl.invoke(DelegatingMethodAccessorImpl.java:43)
	at java.lang.reflect.Method.invoke(Method.java:483)
	at org.gradle.internal.dispatch.ReflectionDispatch.dispatch(ReflectionDispatch.java:35)
	at org.gradle.internal.dispatch.ReflectionDispatch.dispatch(ReflectionDispatch.java:24)
	at org.gradle.internal.dispatch.ContextClassLoaderDispatch.dispatch(ContextClassLoaderDispatch.java:32)
	at org.gradle.internal.dispatch.ProxyDispatchAdapter$DispatchingInvocationHandler.invoke(ProxyDispatchAdapter.java:93)
	at com.sun.proxy.$Proxy1.processTestClass(Unknown Source)
	at org.gradle.api.internal.tasks.testing.worker.TestWorker.processTestClass(TestWorker.java:109)
	at sun.reflect.NativeMethodAccessorImpl.invoke0(Native Method)
	at sun.reflect.NativeMethodAccessorImpl.invoke(NativeMethodAccessorImpl.java:62)
	at sun.reflect.DelegatingMethodAccessorImpl.invoke(DelegatingMethodAccessorImpl.java:43)
	at java.lang.reflect.Method.invoke(Method.java:483)
	at org.gradle.internal.dispatch.ReflectionDispatch.dispatch(ReflectionDispatch.java:35)
	at org.gradle.internal.dispatch.ReflectionDispatch.dispatch(ReflectionDispatch.java:24)
	at org.gradle.internal.remote.internal.hub.MessageHubBackedObjectConnection$DispatchWrapper.dispatch(MessageHubBackedObjectConnection.java:155)
	at org.gradle.internal.remote.internal.hub.MessageHubBackedObjectConnection$DispatchWrapper.dispatch(MessageHubBackedObjectConnection.java:137)
	at org.gradle.internal.remote.internal.hub.MessageHub$Handler.run(MessageHub.java:404)
	at org.gradle.internal.concurrent.ExecutorPolicy$CatchAndRecordFailures.onExecute(ExecutorPolicy.java:63)
	at org.gradle.internal.concurrent.ManagedExecutorImpl$1.run(ManagedExecutorImpl.java:46)
	at java.util.concurrent.ThreadPoolExecutor.runWorker(ThreadPoolExecutor.java:1142)
	at java.util.concurrent.ThreadPoolExecutor$Worker.run(ThreadPoolExecutor.java:617)
	at org.gradle.internal.concurrent.ThreadFactoryImpl$ManagedThreadRunnable.run(ThreadFactoryImpl.java:55)
	at java.lang.Thread.run(Thread.java:745)
[com.connsec.saml.RealAssertionConsumer:WARN {} 60] Response Message failed Validation
org.opensaml.xml.validation.ValidationException: StatusCode is required
	at org.opensaml.saml2.core.validator.StatusSchemaValidator.validateStatusCode(StatusSchemaValidator.java:46)
	at org.opensaml.saml2.core.validator.StatusSchemaValidator.validate(StatusSchemaValidator.java:40)
	at org.opensaml.saml2.core.validator.StatusSchemaValidator.validate(StatusSchemaValidator.java:29)
	at org.opensaml.xml.validation.ValidatorSuite.performValidation(ValidatorSuite.java:168)
	at org.opensaml.xml.validation.ValidatorSuite.performValidation(ValidatorSuite.java:151)
	at org.opensaml.xml.validation.ValidatorSuite.validate(ValidatorSuite.java:82)
	at org.opensaml.xml.validation.ValidatorSuite.validate(ValidatorSuite.java:87)
	at com.connsec.saml.xml.SAML2ValidatorSuite.validate(SAML2ValidatorSuite.java:14)
	at com.connsec.saml.RealAssertionConsumer.consume(RealAssertionConsumer.java:58)
	at com.connsec.saml.RealAssertionConsumerTest.testConsumeAuthnRequestWithNoStatusCode(RealAssertionConsumerTest.java:162)
	at sun.reflect.NativeMethodAccessorImpl.invoke0(Native Method)
	at sun.reflect.NativeMethodAccessorImpl.invoke(NativeMethodAccessorImpl.java:62)
	at sun.reflect.DelegatingMethodAccessorImpl.invoke(DelegatingMethodAccessorImpl.java:43)
	at java.lang.reflect.Method.invoke(Method.java:483)
	at org.junit.runners.model.FrameworkMethod$1.runReflectiveCall(FrameworkMethod.java:47)
	at org.junit.internal.runners.model.ReflectiveCallable.run(ReflectiveCallable.java:12)
	at org.junit.runners.model.FrameworkMethod.invokeExplosively(FrameworkMethod.java:44)
	at org.junit.internal.runners.statements.InvokeMethod.evaluate(InvokeMethod.java:17)
	at org.junit.internal.runners.statements.ExpectException.evaluate(ExpectException.java:19)
	at org.junit.internal.runners.statements.RunBefores.evaluate(RunBefores.java:26)
	at org.junit.runners.ParentRunner.runLeaf(ParentRunner.java:271)
	at org.junit.runners.BlockJUnit4ClassRunner.runChild(BlockJUnit4ClassRunner.java:70)
	at org.junit.runners.BlockJUnit4ClassRunner.runChild(BlockJUnit4ClassRunner.java:50)
	at org.junit.runners.ParentRunner$3.run(ParentRunner.java:238)
	at org.junit.runners.ParentRunner$1.schedule(ParentRunner.java:63)
	at org.junit.runners.ParentRunner.runChildren(ParentRunner.java:236)
	at org.junit.runners.ParentRunner.access$000(ParentRunner.java:53)
	at org.junit.runners.ParentRunner$2.evaluate(ParentRunner.java:229)
	at org.junit.internal.runners.statements.RunBefores.evaluate(RunBefores.java:26)
	at org.junit.runners.ParentRunner.run(ParentRunner.java:309)
	at org.gradle.api.internal.tasks.testing.junit.JUnitTestClassExecutor.runTestClass(JUnitTestClassExecutor.java:106)
	at org.gradle.api.internal.tasks.testing.junit.JUnitTestClassExecutor.execute(JUnitTestClassExecutor.java:58)
	at org.gradle.api.internal.tasks.testing.junit.JUnitTestClassExecutor.execute(JUnitTestClassExecutor.java:38)
	at org.gradle.api.internal.tasks.testing.junit.AbstractJUnitTestClassProcessor.processTestClass(AbstractJUnitTestClassProcessor.java:66)
	at org.gradle.api.internal.tasks.testing.SuiteTestClassProcessor.processTestClass(SuiteTestClassProcessor.java:51)
	at sun.reflect.NativeMethodAccessorImpl.invoke0(Native Method)
	at sun.reflect.NativeMethodAccessorImpl.invoke(NativeMethodAccessorImpl.java:62)
	at sun.reflect.DelegatingMethodAccessorImpl.invoke(DelegatingMethodAccessorImpl.java:43)
	at java.lang.reflect.Method.invoke(Method.java:483)
	at org.gradle.internal.dispatch.ReflectionDispatch.dispatch(ReflectionDispatch.java:35)
	at org.gradle.internal.dispatch.ReflectionDispatch.dispatch(ReflectionDispatch.java:24)
	at org.gradle.internal.dispatch.ContextClassLoaderDispatch.dispatch(ContextClassLoaderDispatch.java:32)
	at org.gradle.internal.dispatch.ProxyDispatchAdapter$DispatchingInvocationHandler.invoke(ProxyDispatchAdapter.java:93)
	at com.sun.proxy.$Proxy1.processTestClass(Unknown Source)
	at org.gradle.api.internal.tasks.testing.worker.TestWorker.processTestClass(TestWorker.java:109)
	at sun.reflect.NativeMethodAccessorImpl.invoke0(Native Method)
	at sun.reflect.NativeMethodAccessorImpl.invoke(NativeMethodAccessorImpl.java:62)
	at sun.reflect.DelegatingMethodAccessorImpl.invoke(DelegatingMethodAccessorImpl.java:43)
	at java.lang.reflect.Method.invoke(Method.java:483)
	at org.gradle.internal.dispatch.ReflectionDispatch.dispatch(ReflectionDispatch.java:35)
	at org.gradle.internal.dispatch.ReflectionDispatch.dispatch(ReflectionDispatch.java:24)
	at org.gradle.internal.remote.internal.hub.MessageHubBackedObjectConnection$DispatchWrapper.dispatch(MessageHubBackedObjectConnection.java:155)
	at org.gradle.internal.remote.internal.hub.MessageHubBackedObjectConnection$DispatchWrapper.dispatch(MessageHubBackedObjectConnection.java:137)
	at org.gradle.internal.remote.internal.hub.MessageHub$Handler.run(MessageHub.java:404)
	at org.gradle.internal.concurrent.ExecutorPolicy$CatchAndRecordFailures.onExecute(ExecutorPolicy.java:63)
	at org.gradle.internal.concurrent.ManagedExecutorImpl$1.run(ManagedExecutorImpl.java:46)
	at java.util.concurrent.ThreadPoolExecutor.runWorker(ThreadPoolExecutor.java:1142)
	at java.util.concurrent.ThreadPoolExecutor$Worker.run(ThreadPoolExecutor.java:617)
	at org.gradle.internal.concurrent.ThreadFactoryImpl$ManagedThreadRunnable.run(ThreadFactoryImpl.java:55)
	at java.lang.Thread.run(Thread.java:745)
</pre>
</span>
</div>
</div>
<div id="footer">
<p>
<div>
<label class="hidden" id="label-for-line-wrapping-toggle" for="line-wrapping-toggle">Wrap lines
<input id="line-wrapping-toggle" type="checkbox" autocomplete="off"/>
</label>
</div>Generated by 
<a href="http://www.gradle.org">Gradle 4.8</a> at 2019-3-5 21:23:57</p>
</div>
</div>
</body>
</html>
